C:\USERS\DEC7\WORKSPACE\JNI\MYDLL\DEBUG\MYDLL.PCH
C:\USERS\DEC7\WORKSPACE\JNI\MYDLL\DEBUG\STDAFX.OBJ
C:\USERS\DEC7\WORKSPACE\JNI\MYDLL\DEBUG\VC110.PDB
C:\USERS\DEC7\WORKSPACE\JNI\MYDLL\DEBUG\DLLMAIN.OBJ
C:\USERS\DEC7\WORKSPACE\JNI\MYDLL\DEBUG\MYDLL.OBJ
C:\USERS\DEC7\WORKSPACE\JNI\MYDLL\DEBUG\MYDLL.ILK
C:\USERS\DEC7\WORKSPACE\JNI\MYDLL\DEBUG\MYDLL.DLL
C:\USERS\DEC7\WORKSPACE\JNI\MYDLL\DEBUG\MYDLL.PDB
C:\Users\Dec7\workspace\JNI\MyDll\Debug\MyDll.lib
C:\Users\Dec7\workspace\JNI\MyDll\Debug\MyDll.exp
C:\Users\Dec7\workspace\JNI\MyDll\Debug\dllmain.obj
C:\Users\Dec7\workspace\JNI\MyDll\Debug\MyDll.obj
C:\Users\Dec7\workspace\JNI\MyDll\Debug\stdafx.obj
C:\Users\Dec7\workspace\JNI\MyDll\Debug\MyDll.ilk
C:\Users\Dec7\workspace\JNI\MyDll\Debug\cl.command.1.tlog
C:\Users\Dec7\workspace\JNI\MyDll\Debug\CL.read.1.tlog
C:\Users\Dec7\workspace\JNI\MyDll\Debug\CL.write.1.tlog
C:\Users\Dec7\workspace\JNI\MyDll\Debug\link-cvtres.read.1.tlog
C:\Users\Dec7\workspace\JNI\MyDll\Debug\link-cvtres.write.1.tlog
C:\Users\Dec7\workspace\JNI\MyDll\Debug\link-rc.read.1.tlog
C:\Users\Dec7\workspace\JNI\MyDll\Debug\link-rc.write.1.tlog
C:\Users\Dec7\workspace\JNI\MyDll\Debug\link.command.1.tlog
C:\Users\Dec7\workspace\JNI\MyDll\Debug\link.read.1.tlog
C:\Users\Dec7\workspace\JNI\MyDll\Debug\link.write.1.tlog
C:\Users\Dec7\workspace\JNI\MyDll\Debug\MyDll.write.1.tlog
C:\Users\Dec7\workspace\JNI\MyDll\Debug\MyDll.pch
C:\Users\Dec7\workspace\JNI\MyDll\Debug\vc110.idb
C:\Users\Dec7\workspace\JNI\MyDll\Debug\MyDll.pdb
C:\Users\Dec7\workspace\JNI\MyDll\Debug\vc110.pdb
C:\Users\Dec7\workspace\JNI\MyDll\Debug\MyDll.dll
